STAR version=STAR_2.6.1a_08-27
STAR compilation time,server,dir=Mon Aug 27 18:20:13 EDT 2018 florence.cshl.edu:/sonas-hs/gingeras/nlsas_norepl/user/dobin/STAR/STAR.master/source
##### DEFAULT parameters:
versionSTAR                       20201
versionGenome                     20101   20200   
parametersFiles                   -   
sysShell                          -
runMode                           alignReads
runThreadN                        1
runDirPerm                        User_RWX
runRNGseed                        777
genomeDir                         ./GenomeDir/
genomeLoad                        NoSharedMemory
genomeFastaFiles                  -   
genomeChainFiles                  -   
genomeSAindexNbases               14
genomeChrBinNbits                 18
genomeSAsparseD                   1
genomeSuffixLengthMax             18446744073709551615
genomeFileSizes                   0   
genomeConsensusFile               -
readFilesType                     Fastx   
readFilesIn                       Read1   Read2   
readFilesPrefix                   -
readFilesCommand                  -   
readMatesLengthsIn                NotEqual
readMapNumber                     18446744073709551615
readNameSeparator                 /   
inputBAMfile                      -
bamRemoveDuplicatesType           -
bamRemoveDuplicatesMate2basesN    0
limitGenomeGenerateRAM            31000000000
limitIObufferSize                 150000000
limitOutSAMoneReadBytes           100000
limitOutSJcollapsed               1000000
limitOutSJoneRead                 1000
limitBAMsortRAM                   0
limitSjdbInsertNsj                1000000
outFileNamePrefix                 ./
outTmpDir                         -
outTmpKeep                        None
outStd                            Log
outReadsUnmapped                  None
outQSconversionAdd                0
outMultimapperOrder               Old_2.4
outSAMtype                        SAM   
outSAMmode                        Full
outSAMstrandField                 None
outSAMattributes                  Standard   
outSAMunmapped                    None   
outSAMorder                       Paired
outSAMprimaryFlag                 OneBestScore
outSAMreadID                      Standard
outSAMmapqUnique                  255
outSAMflagOR                      0
outSAMflagAND                     65535
outSAMattrRGline                  -   
outSAMheaderHD                    -   
outSAMheaderPG                    -   
outSAMheaderCommentFile           -
outBAMcompression                 1
outBAMsortingThreadN              0
outBAMsortingBinsN                50
outSAMfilter                      None   
outSAMmultNmax                    18446744073709551615
outSAMattrIHstart                 1
outSAMtlen                        1
outSJfilterReads                  All
outSJfilterCountUniqueMin         3   1   1   1   
outSJfilterCountTotalMin          3   1   1   1   
outSJfilterOverhangMin            30   12   12   12   
outSJfilterDistToOtherSJmin       10   0   5   10   
outSJfilterIntronMaxVsReadN       50000   100000   200000   
outWigType                        None   
outWigStrand                      Stranded   
outWigReferencesPrefix            -
outWigNorm                        RPM   
outFilterType                     Normal
outFilterMultimapNmax             10
outFilterMultimapScoreRange       1
outFilterScoreMin                 0
outFilterScoreMinOverLread        0.66
outFilterMatchNmin                0
outFilterMatchNminOverLread       0.66
outFilterMismatchNmax             10
outFilterMismatchNoverLmax        0.3
outFilterMismatchNoverReadLmax    1
outFilterIntronMotifs             None
outFilterIntronStrands            RemoveInconsistentStrands
clip5pNbases                      0   
clip3pNbases                      0   
clip3pAfterAdapterNbases          0   
clip3pAdapterSeq                  -   
clip3pAdapterMMp                  0.1   
winBinNbits                       16
winAnchorDistNbins                9
winFlankNbins                     4
winAnchorMultimapNmax             50
winReadCoverageRelativeMin        0.5
winReadCoverageBasesMin           0
scoreGap                          0
scoreGapNoncan                    -8
scoreGapGCAG                      -4
scoreGapATAC                      -8
scoreStitchSJshift                1
scoreGenomicLengthLog2scale       -0.25
scoreDelBase                      -2
scoreDelOpen                      -2
scoreInsOpen                      -2
scoreInsBase                      -2
seedSearchLmax                    0
seedSearchStartLmax               50
seedSearchStartLmaxOverLread      1
seedPerReadNmax                   1000
seedPerWindowNmax                 50
seedNoneLociPerWindow             10
seedMultimapNmax                  10000
seedSplitMin                      12
alignIntronMin                    21
alignIntronMax                    0
alignMatesGapMax                  0
alignTranscriptsPerReadNmax       10000
alignSJoverhangMin                5
alignSJDBoverhangMin              3
alignSJstitchMismatchNmax         0   -1   0   0   
alignSplicedMateMapLmin           0
alignSplicedMateMapLminOverLmate    0.66
alignWindowsPerReadNmax           10000
alignTranscriptsPerWindowNmax     100
alignEndsType                     Local
alignSoftClipAtReferenceEnds      Yes
alignEndsProtrude                 0   ConcordantPair   
alignInsertionFlush               None
peOverlapNbasesMin                0
peOverlapMMp                      0.01
chimSegmentMin                    0
chimScoreMin                      0
chimScoreDropMax                  20
chimScoreSeparation               10
chimScoreJunctionNonGTAG          -1
chimMainSegmentMultNmax           10
chimJunctionOverhangMin           20
chimOutType                       Junctions   
chimFilter                        banGenomicN   
chimSegmentReadGapMax             0
chimMultimapNmax                  0
chimMultimapScoreRange            1
chimNonchimScoreDropMin           20
chimOutJunctionFormat             0   
sjdbFileChrStartEnd               -   
sjdbGTFfile                       -
sjdbGTFchrPrefix                  -
sjdbGTFfeatureExon                exon
sjdbGTFtagExonParentTranscript    transcript_id
sjdbGTFtagExonParentGene          gene_id
sjdbOverhang                      100
sjdbScore                         2
sjdbInsertSave                    Basic
varVCFfile                        -
waspOutputMode                    None
quantMode                         -   
quantTranscriptomeBAMcompression    1
quantTranscriptomeBan             IndelSoftclipSingleend
twopass1readsN                    18446744073709551615
twopassMode                       None
##### Command Line:
STAR --runMode genomeGenerate --genomeSAsparseD 2 --runThreadN 4 --genomeDir /project/yangili1/dylan_stermer/test_git/snakemake-workflow_rna-seq/Results/GRCm39/STARIndex/ --sjdbGTFfile /project/yangili1/dylan_stermer/test_git/snakemake-workflow_rna-seq/Results/GRCm39/Reference.gtf --genomeFastaFiles /project/yangili1/dylan_stermer/test_git/snakemake-workflow_rna-seq/Results/GRCm39/Reference.fa
##### Initial USER parameters from Command Line:
###### All USER parameters from Command Line:
runMode                       genomeGenerate     ~RE-DEFINED
genomeSAsparseD               2     ~RE-DEFINED
runThreadN                    4     ~RE-DEFINED
genomeDir                     /project/yangili1/dylan_stermer/test_git/snakemake-workflow_rna-seq/Results/GRCm39/STARIndex/     ~RE-DEFINED
sjdbGTFfile                   /project/yangili1/dylan_stermer/test_git/snakemake-workflow_rna-seq/Results/GRCm39/Reference.gtf     ~RE-DEFINED
genomeFastaFiles              /project/yangili1/dylan_stermer/test_git/snakemake-workflow_rna-seq/Results/GRCm39/Reference.fa        ~RE-DEFINED
##### Finished reading parameters from all sources

##### Final user re-defined parameters-----------------:
runMode                           genomeGenerate
runThreadN                        4
genomeDir                         /project/yangili1/dylan_stermer/test_git/snakemake-workflow_rna-seq/Results/GRCm39/STARIndex/
genomeFastaFiles                  /project/yangili1/dylan_stermer/test_git/snakemake-workflow_rna-seq/Results/GRCm39/Reference.fa   
genomeSAsparseD                   2
sjdbGTFfile                       /project/yangili1/dylan_stermer/test_git/snakemake-workflow_rna-seq/Results/GRCm39/Reference.gtf

-------------------------------
##### Final effective command line:
STAR   --runMode genomeGenerate   --runThreadN 4   --genomeDir /project/yangili1/dylan_stermer/test_git/snakemake-workflow_rna-seq/Results/GRCm39/STARIndex/   --genomeFastaFiles /project/yangili1/dylan_stermer/test_git/snakemake-workflow_rna-seq/Results/GRCm39/Reference.fa      --genomeSAsparseD 2   --sjdbGTFfile /project/yangili1/dylan_stermer/test_git/snakemake-workflow_rna-seq/Results/GRCm39/Reference.gtf

##### Final parameters after user input--------------------------------:
versionSTAR                       20201
versionGenome                     20101   20200   
parametersFiles                   -   
sysShell                          -
runMode                           genomeGenerate
runThreadN                        4
runDirPerm                        User_RWX
runRNGseed                        777
genomeDir                         /project/yangili1/dylan_stermer/test_git/snakemake-workflow_rna-seq/Results/GRCm39/STARIndex/
genomeLoad                        NoSharedMemory
genomeFastaFiles                  /project/yangili1/dylan_stermer/test_git/snakemake-workflow_rna-seq/Results/GRCm39/Reference.fa   
genomeChainFiles                  -   
genomeSAindexNbases               14
genomeChrBinNbits                 18
genomeSAsparseD                   2
genomeSuffixLengthMax             18446744073709551615
genomeFileSizes                   0   
genomeConsensusFile               -
readFilesType                     Fastx   
readFilesIn                       Read1   Read2   
readFilesPrefix                   -
readFilesCommand                  -   
readMatesLengthsIn                NotEqual
readMapNumber                     18446744073709551615
readNameSeparator                 /   
inputBAMfile                      -
bamRemoveDuplicatesType           -
bamRemoveDuplicatesMate2basesN    0
limitGenomeGenerateRAM            31000000000
limitIObufferSize                 150000000
limitOutSAMoneReadBytes           100000
limitOutSJcollapsed               1000000
limitOutSJoneRead                 1000
limitBAMsortRAM                   0
limitSjdbInsertNsj                1000000
outFileNamePrefix                 ./
outTmpDir                         -
outTmpKeep                        None
outStd                            Log
outReadsUnmapped                  None
outQSconversionAdd                0
outMultimapperOrder               Old_2.4
outSAMtype                        SAM   
outSAMmode                        Full
outSAMstrandField                 None
outSAMattributes                  Standard   
outSAMunmapped                    None   
outSAMorder                       Paired
outSAMprimaryFlag                 OneBestScore
outSAMreadID                      Standard
outSAMmapqUnique                  255
outSAMflagOR                      0
outSAMflagAND                     65535
outSAMattrRGline                  -   
outSAMheaderHD                    -   
outSAMheaderPG                    -   
outSAMheaderCommentFile           -
outBAMcompression                 1
outBAMsortingThreadN              0
outBAMsortingBinsN                50
outSAMfilter                      None   
outSAMmultNmax                    18446744073709551615
outSAMattrIHstart                 1
outSAMtlen                        1
outSJfilterReads                  All
outSJfilterCountUniqueMin         3   1   1   1   
outSJfilterCountTotalMin          3   1   1   1   
outSJfilterOverhangMin            30   12   12   12   
outSJfilterDistToOtherSJmin       10   0   5   10   
outSJfilterIntronMaxVsReadN       50000   100000   200000   
outWigType                        None   
outWigStrand                      Stranded   
outWigReferencesPrefix            -
outWigNorm                        RPM   
outFilterType                     Normal
outFilterMultimapNmax             10
outFilterMultimapScoreRange       1
outFilterScoreMin                 0
outFilterScoreMinOverLread        0.66
outFilterMatchNmin                0
outFilterMatchNminOverLread       0.66
outFilterMismatchNmax             10
outFilterMismatchNoverLmax        0.3
outFilterMismatchNoverReadLmax    1
outFilterIntronMotifs             None
outFilterIntronStrands            RemoveInconsistentStrands
clip5pNbases                      0   
clip3pNbases                      0   
clip3pAfterAdapterNbases          0   
clip3pAdapterSeq                  -   
clip3pAdapterMMp                  0.1   
winBinNbits                       16
winAnchorDistNbins                9
winFlankNbins                     4
winAnchorMultimapNmax             50
winReadCoverageRelativeMin        0.5
winReadCoverageBasesMin           0
scoreGap                          0
scoreGapNoncan                    -8
scoreGapGCAG                      -4
scoreGapATAC                      -8
scoreStitchSJshift                1
scoreGenomicLengthLog2scale       -0.25
scoreDelBase                      -2
scoreDelOpen                      -2
scoreInsOpen                      -2
scoreInsBase                      -2
seedSearchLmax                    0
seedSearchStartLmax               50
seedSearchStartLmaxOverLread      1
seedPerReadNmax                   1000
seedPerWindowNmax                 50
seedNoneLociPerWindow             10
seedMultimapNmax                  10000
seedSplitMin                      12
alignIntronMin                    21
alignIntronMax                    0
alignMatesGapMax                  0
alignTranscriptsPerReadNmax       10000
alignSJoverhangMin                5
alignSJDBoverhangMin              3
alignSJstitchMismatchNmax         0   -1   0   0   
alignSplicedMateMapLmin           0
alignSplicedMateMapLminOverLmate    0.66
alignWindowsPerReadNmax           10000
alignTranscriptsPerWindowNmax     100
alignEndsType                     Local
alignSoftClipAtReferenceEnds      Yes
alignEndsProtrude                 0   ConcordantPair   
alignInsertionFlush               None
peOverlapNbasesMin                0
peOverlapMMp                      0.01
chimSegmentMin                    0
chimScoreMin                      0
chimScoreDropMax                  20
chimScoreSeparation               10
chimScoreJunctionNonGTAG          -1
chimMainSegmentMultNmax           10
chimJunctionOverhangMin           20
chimOutType                       Junctions   
chimFilter                        banGenomicN   
chimSegmentReadGapMax             0
chimMultimapNmax                  0
chimMultimapScoreRange            1
chimNonchimScoreDropMin           20
chimOutJunctionFormat             0   
sjdbFileChrStartEnd               -   
sjdbGTFfile                       /project/yangili1/dylan_stermer/test_git/snakemake-workflow_rna-seq/Results/GRCm39/Reference.gtf
sjdbGTFchrPrefix                  -
sjdbGTFfeatureExon                exon
sjdbGTFtagExonParentTranscript    transcript_id
sjdbGTFtagExonParentGene          gene_id
sjdbOverhang                      100
sjdbScore                         2
sjdbInsertSave                    Basic
varVCFfile                        -
waspOutputMode                    None
quantMode                         -   
quantTranscriptomeBAMcompression    1
quantTranscriptomeBan             IndelSoftclipSingleend
twopass1readsN                    18446744073709551615
twopassMode                       None
----------------------------------------

Finished loading and checking parameters
Jul 18 17:13:55 ... starting to generate Genome files
/project/yangili1/dylan_stermer/test_git/snakemake-workflow_rna-seq/Results/GRCm39/Reference.fa : chr # 0  "chr1" chrStart: 0
/project/yangili1/dylan_stermer/test_git/snakemake-workflow_rna-seq/Results/GRCm39/Reference.fa : chr # 1  "chr2" chrStart: 195297280
/project/yangili1/dylan_stermer/test_git/snakemake-workflow_rna-seq/Results/GRCm39/Reference.fa : chr # 2  "chr3" chrStart: 377225216
/project/yangili1/dylan_stermer/test_git/snakemake-workflow_rna-seq/Results/GRCm39/Reference.fa : chr # 3  "chr4" chrStart: 537133056
/project/yangili1/dylan_stermer/test_git/snakemake-workflow_rna-seq/Results/GRCm39/Reference.fa : chr # 4  "chr5" chrStart: 694157312
/project/yangili1/dylan_stermer/test_git/snakemake-workflow_rna-seq/Results/GRCm39/Reference.fa : chr # 5  "chr6" chrStart: 845938688
/project/yangili1/dylan_stermer/test_git/snakemake-workflow_rna-seq/Results/GRCm39/Reference.fa : chr # 6  "chr7" chrStart: 995622912
/project/yangili1/dylan_stermer/test_git/snakemake-workflow_rna-seq/Results/GRCm39/Reference.fa : chr # 7  "chr8" chrStart: 1140850688
/project/yangili1/dylan_stermer/test_git/snakemake-workflow_rna-seq/Results/GRCm39/Reference.fa : chr # 8  "chr9" chrStart: 1271136256
/project/yangili1/dylan_stermer/test_git/snakemake-workflow_rna-seq/Results/GRCm39/Reference.fa : chr # 9  "chr10" chrStart: 1395654656
/project/yangili1/dylan_stermer/test_git/snakemake-workflow_rna-seq/Results/GRCm39/Reference.fa : chr # 10  "chr11" chrStart: 1526202368
/project/yangili1/dylan_stermer/test_git/snakemake-workflow_rna-seq/Results/GRCm39/Reference.fa : chr # 11  "chr12" chrStart: 1648361472
/project/yangili1/dylan_stermer/test_git/snakemake-workflow_rna-seq/Results/GRCm39/Reference.fa : chr # 12  "chr13" chrStart: 1768685568
/project/yangili1/dylan_stermer/test_git/snakemake-workflow_rna-seq/Results/GRCm39/Reference.fa : chr # 13  "chr14" chrStart: 1889796096
/project/yangili1/dylan_stermer/test_git/snakemake-workflow_rna-seq/Results/GRCm39/Reference.fa : chr # 14  "chr15" chrStart: 2015100928
/project/yangili1/dylan_stermer/test_git/snakemake-workflow_rna-seq/Results/GRCm39/Reference.fa : chr # 15  "chr16" chrStart: 2119434240
/project/yangili1/dylan_stermer/test_git/snakemake-workflow_rna-seq/Results/GRCm39/Reference.fa : chr # 16  "chr17" chrStart: 2217476096
/project/yangili1/dylan_stermer/test_git/snakemake-workflow_rna-seq/Results/GRCm39/Reference.fa : chr # 17  "chr18" chrStart: 2312896512
/project/yangili1/dylan_stermer/test_git/snakemake-workflow_rna-seq/Results/GRCm39/Reference.fa : chr # 18  "chr19" chrStart: 2403860480
/project/yangili1/dylan_stermer/test_git/snakemake-workflow_rna-seq/Results/GRCm39/Reference.fa : chr # 19  "chrX" chrStart: 2465464320
/project/yangili1/dylan_stermer/test_git/snakemake-workflow_rna-seq/Results/GRCm39/Reference.fa : chr # 20  "chrY" chrStart: 2635071488
/project/yangili1/dylan_stermer/test_git/snakemake-workflow_rna-seq/Results/GRCm39/Reference.fa : chr # 21  "chrM" chrStart: 2726559744
/project/yangili1/dylan_stermer/test_git/snakemake-workflow_rna-seq/Results/GRCm39/Reference.fa : chr # 22  "GL456210.1" chrStart: 2726821888
/project/yangili1/dylan_stermer/test_git/snakemake-workflow_rna-seq/Results/GRCm39/Reference.fa : chr # 23  "GL456211.1" chrStart: 2727084032
/project/yangili1/dylan_stermer/test_git/snakemake-workflow_rna-seq/Results/GRCm39/Reference.fa : chr # 24  "GL456212.1" chrStart: 2727346176
/project/yangili1/dylan_stermer/test_git/snakemake-workflow_rna-seq/Results/GRCm39/Reference.fa : chr # 25  "GL456219.1" chrStart: 2727608320
/project/yangili1/dylan_stermer/test_git/snakemake-workflow_rna-seq/Results/GRCm39/Reference.fa : chr # 26  "GL456221.1" chrStart: 2727870464
/project/yangili1/dylan_stermer/test_git/snakemake-workflow_rna-seq/Results/GRCm39/Reference.fa : chr # 27  "GL456233.2" chrStart: 2728132608
/project/yangili1/dylan_stermer/test_git/snakemake-workflow_rna-seq/Results/GRCm39/Reference.fa : chr # 28  "GL456239.1" chrStart: 2728919040
/project/yangili1/dylan_stermer/test_git/snakemake-workflow_rna-seq/Results/GRCm39/Reference.fa : chr # 29  "GL456354.1" chrStart: 2729181184
/project/yangili1/dylan_stermer/test_git/snakemake-workflow_rna-seq/Results/GRCm39/Reference.fa : chr # 30  "GL456359.1" chrStart: 2729443328
/project/yangili1/dylan_stermer/test_git/snakemake-workflow_rna-seq/Results/GRCm39/Reference.fa : chr # 31  "GL456360.1" chrStart: 2729705472
/project/yangili1/dylan_stermer/test_git/snakemake-workflow_rna-seq/Results/GRCm39/Reference.fa : chr # 32  "GL456366.1" chrStart: 2729967616
/project/yangili1/dylan_stermer/test_git/snakemake-workflow_rna-seq/Results/GRCm39/Reference.fa : chr # 33  "GL456367.1" chrStart: 2730229760
/project/yangili1/dylan_stermer/test_git/snakemake-workflow_rna-seq/Results/GRCm39/Reference.fa : chr # 34  "GL456368.1" chrStart: 2730491904
/project/yangili1/dylan_stermer/test_git/snakemake-workflow_rna-seq/Results/GRCm39/Reference.fa : chr # 35  "GL456370.1" chrStart: 2730754048
/project/yangili1/dylan_stermer/test_git/snakemake-workflow_rna-seq/Results/GRCm39/Reference.fa : chr # 36  "GL456372.1" chrStart: 2731016192
/project/yangili1/dylan_stermer/test_git/snakemake-workflow_rna-seq/Results/GRCm39/Reference.fa : chr # 37  "GL456378.1" chrStart: 2731278336
/project/yangili1/dylan_stermer/test_git/snakemake-workflow_rna-seq/Results/GRCm39/Reference.fa : chr # 38  "GL456379.1" chrStart: 2731540480
/project/yangili1/dylan_stermer/test_git/snakemake-workflow_rna-seq/Results/GRCm39/Reference.fa : chr # 39  "GL456381.1" chrStart: 2731802624
/project/yangili1/dylan_stermer/test_git/snakemake-workflow_rna-seq/Results/GRCm39/Reference.fa : chr # 40  "GL456382.1" chrStart: 2732064768
/project/yangili1/dylan_stermer/test_git/snakemake-workflow_rna-seq/Results/GRCm39/Reference.fa : chr # 41  "GL456383.1" chrStart: 2732326912
/project/yangili1/dylan_stermer/test_git/snakemake-workflow_rna-seq/Results/GRCm39/Reference.fa : chr # 42  "GL456385.1" chrStart: 2732589056
/project/yangili1/dylan_stermer/test_git/snakemake-workflow_rna-seq/Results/GRCm39/Reference.fa : chr # 43  "GL456387.1" chrStart: 2732851200
/project/yangili1/dylan_stermer/test_git/snakemake-workflow_rna-seq/Results/GRCm39/Reference.fa : chr # 44  "GL456389.1" chrStart: 2733113344
/project/yangili1/dylan_stermer/test_git/snakemake-workflow_rna-seq/Results/GRCm39/Reference.fa : chr # 45  "GL456390.1" chrStart: 2733375488
/project/yangili1/dylan_stermer/test_git/snakemake-workflow_rna-seq/Results/GRCm39/Reference.fa : chr # 46  "GL456392.1" chrStart: 2733637632
/project/yangili1/dylan_stermer/test_git/snakemake-workflow_rna-seq/Results/GRCm39/Reference.fa : chr # 47  "GL456394.1" chrStart: 2733899776
/project/yangili1/dylan_stermer/test_git/snakemake-workflow_rna-seq/Results/GRCm39/Reference.fa : chr # 48  "GL456396.1" chrStart: 2734161920
/project/yangili1/dylan_stermer/test_git/snakemake-workflow_rna-seq/Results/GRCm39/Reference.fa : chr # 49  "JH584295.1" chrStart: 2734424064
/project/yangili1/dylan_stermer/test_git/snakemake-workflow_rna-seq/Results/GRCm39/Reference.fa : chr # 50  "JH584296.1" chrStart: 2734686208
/project/yangili1/dylan_stermer/test_git/snakemake-workflow_rna-seq/Results/GRCm39/Reference.fa : chr # 51  "JH584297.1" chrStart: 2734948352
/project/yangili1/dylan_stermer/test_git/snakemake-workflow_rna-seq/Results/GRCm39/Reference.fa : chr # 52  "JH584298.1" chrStart: 2735210496
/project/yangili1/dylan_stermer/test_git/snakemake-workflow_rna-seq/Results/GRCm39/Reference.fa : chr # 53  "JH584299.1" chrStart: 2735472640
/project/yangili1/dylan_stermer/test_git/snakemake-workflow_rna-seq/Results/GRCm39/Reference.fa : chr # 54  "JH584300.1" chrStart: 2736521216
/project/yangili1/dylan_stermer/test_git/snakemake-workflow_rna-seq/Results/GRCm39/Reference.fa : chr # 55  "JH584301.1" chrStart: 2736783360
/project/yangili1/dylan_stermer/test_git/snakemake-workflow_rna-seq/Results/GRCm39/Reference.fa : chr # 56  "JH584302.1" chrStart: 2737045504
/project/yangili1/dylan_stermer/test_git/snakemake-workflow_rna-seq/Results/GRCm39/Reference.fa : chr # 57  "JH584303.1" chrStart: 2737307648
/project/yangili1/dylan_stermer/test_git/snakemake-workflow_rna-seq/Results/GRCm39/Reference.fa : chr # 58  "JH584304.1" chrStart: 2737569792
/project/yangili1/dylan_stermer/test_git/snakemake-workflow_rna-seq/Results/GRCm39/Reference.fa : chr # 59  "MU069434.1" chrStart: 2737831936
/project/yangili1/dylan_stermer/test_git/snakemake-workflow_rna-seq/Results/GRCm39/Reference.fa : chr # 60  "MU069435.1" chrStart: 2738094080
Estimated genome size=2939356224   2738356224   201000000
GstrandBit=32
Number of SA indices: 2654621783
Jul 18 17:14:58 ... starting to sort Suffix Array. This may take a long time...
Number of chunks: 6;   chunks size limit: 3828490128 bytes
Jul 18 17:15:07 ... sorting Suffix Array chunks and saving them to disk...
Writing 3719537464 bytes into /project/yangili1/dylan_stermer/test_git/snakemake-workflow_rna-seq/Results/GRCm39/STARIndex//SA_2 ; empty space on disk = 5529631981568 bytes ... done
Writing 3795105936 bytes into /project/yangili1/dylan_stermer/test_git/snakemake-workflow_rna-seq/Results/GRCm39/STARIndex//SA_0 ; empty space on disk = 5529631981568 bytes ...Writing 3760231072 bytes into /project/yangili1/dylan_stermer/test_git/snakemake-workflow_rna-seq/Results/GRCm39/STARIndex//SA_1 ; empty space on disk = 5529631981568 bytes ... done
 done
Writing 3767916840 bytes into /project/yangili1/dylan_stermer/test_git/snakemake-workflow_rna-seq/Results/GRCm39/STARIndex//SA_3 ; empty space on disk = 5518357692416 bytes ... done
Writing 2424422424 bytes into /project/yangili1/dylan_stermer/test_git/snakemake-workflow_rna-seq/Results/GRCm39/STARIndex//SA_5 ; empty space on disk = 5514591207424 bytes ... done
Writing 3769760528 bytes into /project/yangili1/dylan_stermer/test_git/snakemake-workflow_rna-seq/Results/GRCm39/STARIndex//SA_4 ; empty space on disk = 5512166899712 bytes ... done
Jul 18 17:29:23 ... loading chunks from disk, packing SA...
Jul 18 17:29:53 ... finished generating suffix array
Jul 18 17:29:53 ... generating Suffix Array index
Jul 18 17:32:13 ... completed Suffix Array index
Jul 18 17:32:13 ..... processing annotations GTF
Processing pGe.sjdbGTFfile=/project/yangili1/dylan_stermer/test_git/snakemake-workflow_rna-seq/Results/GRCm39/Reference.gtf, found:
		149194 transcripts
		864295 exons (non-collapsed)
		289580 collapsed junctions
Jul 18 17:32:23 ..... finished GTF processing
Jul 18 17:32:23   Loaded database junctions from the GTF file: /project/yangili1/dylan_stermer/test_git/snakemake-workflow_rna-seq/Results/GRCm39/Reference.gtf: 289580 total junctions

WARNING: long repeat for junction # 82461 : chr5 112922393 112922883; left shift = 255; right shift = 69
WARNING: long repeat for junction # 84862 : chr5 123328298 123329023; left shift = 255; right shift = 19
WARNING: long repeat for junction # 94109 : chr6 48731569 48732130; left shift = 81; right shift = 255
WARNING: long repeat for junction # 126337 : chr7 141361933 141364041; left shift = 255; right shift = 255
WARNING: long repeat for junction # 205184 : chr13 36192501 36373186; left shift = 255; right shift = 29
WARNING: long repeat for junction # 212892 : chr13 119631671 120070727; left shift = 36; right shift = 255
WARNING: long repeat for junction # 229561 : chr15 75976552 75988902; left shift = 0; right shift = 255
Jul 18 17:32:23   Finished preparing junctions
Jul 18 17:32:23 ..... inserting junctions into the genome indices
Jul 18 17:33:41   Finished SA search: number of new junctions=289553, old junctions=0
Jul 18 17:34:25   Finished sorting SA indicesL nInd=115821116
Genome size with junctions=2796556377  2738356224   58200153
GstrandBit1=32   GstrandBit=32
Jul 18 17:35:04   Finished inserting junction indices
Jul 18 17:35:25   Finished SAi
Jul 18 17:35:25 ..... finished inserting junctions into genome
Jul 18 17:35:25 ... writing Genome to disk ...
Writing 2796556377 bytes into /project/yangili1/dylan_stermer/test_git/snakemake-workflow_rna-seq/Results/GRCm39/STARIndex//Genome ; empty space on disk = 5529556484096 bytes ... done
SA size in bytes: 11428076962
Jul 18 17:35:26 ... writing Suffix Array to disk ...
Writing 11428076962 bytes into /project/yangili1/dylan_stermer/test_git/snakemake-workflow_rna-seq/Results/GRCm39/STARIndex//SA ; empty space on disk = 5529556484096 bytes ... done
Jul 18 17:35:30 ... writing SAindex to disk
Writing 8 bytes into /project/yangili1/dylan_stermer/test_git/snakemake-workflow_rna-seq/Results/GRCm39/STARIndex//SAindex ; empty space on disk = 5529556484096 bytes ... done
Writing 120 bytes into /project/yangili1/dylan_stermer/test_git/snakemake-workflow_rna-seq/Results/GRCm39/STARIndex//SAindex ; empty space on disk = 5529556484096 bytes ... done
Writing 1565873491 bytes into /project/yangili1/dylan_stermer/test_git/snakemake-workflow_rna-seq/Results/GRCm39/STARIndex//SAindex ; empty space on disk = 5529556484096 bytes ... done
Jul 18 17:35:31 ..... finished successfully
DONE: Genome generation, EXITING
